Rebuild target 'project2'
compiling main.c...
main.c(100): warning:  #177-D: variable "distance" was declared but never referenced
        uint16_t distance;
main.c: 1 warning, 0 errors
compiling stm32f4xx_it.c...
compiling system_stm32f4xx.c...
compiling misc.c...
compiling stm32f4xx_gpio.c...
compiling stm32f4xx_rcc.c...
compiling stm32f4xx_exti.c...
compiling stm32f4xx_syscfg.c...
compiling stm32f4xx_tim.c...
compiling stm32f4xx_usart.c...
compiling led.c...
compiling key.c...
compiling delay.c...
compiling exti.c...
compiling pwm.c...
..\HARDWARE\pwm.c(251): warning:  #177-D: variable "music" was declared but never referenced
        int music[7] = {261, 293, 329, 349, 392, 440, 494};
..\HARDWARE\pwm.c(253): warning:  #177-D: variable "happyBirthdayMelody" was declared but never referenced
        int happyBirthdayMelody[] = {
..\HARDWARE\pwm.c(267): warning:  #177-D: variable "shouxiedecongqianMelody" was declared but never referenced
        int shouxiedecongqianMelody[] = {
..\HARDWARE\pwm.c(274): warning:  #177-D: variable "twinkleTwinkleMelody" was declared but never referenced
        int twinkleTwinkleMelody[] = {
..\HARDWARE\pwm.c(283): warning:  #177-D: variable "qiliXiang" was declared but never referenced
        int qiliXiang[] = {
..\HARDWARE\pwm.c: 5 warnings, 0 errors
compiling tim.c...
compiling usart.c...
compiling dht11.c...
assembling startup_stm32f40_41xxx.s...
linking...
Program Size: Code=4220 RO-data=424 RW-data=40 ZI-data=1024  
FromELF: creating hex file...
"..\OBJ\project2.axf" - 0 Error(s), 6 Warning(s).
